<?xml version="1.0" encoding="UTF-8"?>
<testng-results skipped="0" failed="0" ignored="0" total="1" passed="1">
  <reporter-output>
  </reporter-output>
  <suite name="com.automation.webDriverMaven.NewTest" duration-ms="9850" started-at="2019-09-13T21:59:04Z" finished-at="2019-09-13T21:59:14Z">
    <groups>
    </groups>
    <test name="Command line test" duration-ms="9850" started-at="2019-09-13T21:59:04Z" finished-at="2019-09-13T21:59:14Z">
      <class name="com.automation.webDriverMaven.NewTest">
        <test-method status="PASS" signature="setUp()[pri:0, instance:com.automation.webDriverMaven.NewTest@6bf256fa]" name="setUp" is-config="true" duration-ms="7552" started-at="2019-09-13T21:58:57Z" finished-at="2019-09-13T21:59:04Z">
          <reporter-output>
          </reporter-output>
        </test-method> <!-- setUp -->
        <test-method status="PASS" signature="doLogin()[pri:0, instance:com.automation.webDriverMaven.NewTest@6bf256fa]" name="doLogin" duration-ms="9838" started-at="2019-09-13T21:59:04Z" finished-at="2019-09-13T21:59:14Z">
          <reporter-output>
          </reporter-output>
        </test-method> <!-- doLogin -->
        <test-method status="PASS" signature="tearDown()[pri:0, instance:com.automation.webDriverMaven.NewTest@6bf256fa]" name="tearDown" is-config="true" duration-ms="674" started-at="2019-09-13T21:59:14Z" finished-at="2019-09-13T21:59:15Z">
          <reporter-output>
          </reporter-output>
        </test-method> <!-- tearDown -->
      </class> <!-- com.automation.webDriverMaven.NewTest -->
    </test> <!-- Command line test -->
  </suite> <!-- com.automation.webDriverMaven.NewTest -->
</testng-results>
