<?xml version="1.0" encoding="UTF-8"?>
<testng-results skipped="0" failed="0" total="1" passed="1">
  <reporter-output>
  </reporter-output>
  <suite name="Default suite" duration-ms="9898" started-at="2019-09-13T18:50:45Z" finished-at="2019-09-13T18:50:55Z">
    <groups>
    </groups>
    <test name="Default test" duration-ms="9898" started-at="2019-09-13T18:50:45Z" finished-at="2019-09-13T18:50:55Z">
      <class name="com.automation.webDriverMaven.Login">
        <test-method status="PASS" signature="setUp()[pri:0, instance:com.automation.webDriverMaven.Login@6833ce2c]" name="setUp" is-config="true" duration-ms="7599" started-at="2019-09-13T13:50:38Z" finished-at="2019-09-13T13:50:45Z">
          <reporter-output>
          </reporter-output>
        </test-method> <!-- setUp -->
        <test-method status="PASS" signature="doLogin()[pri:0, instance:com.automation.webDriverMaven.Login@6833ce2c]" name="doLogin" duration-ms="9890" started-at="2019-09-13T13:50:45Z" finished-at="2019-09-13T13:50:55Z">
          <reporter-output>
          </reporter-output>
        </test-method> <!-- doLogin -->
        <test-method status="PASS" signature="tearDown()[pri:0, instance:com.automation.webDriverMaven.Login@6833ce2c]" name="tearDown" is-config="true" duration-ms="682" started-at="2019-09-13T13:50:55Z" finished-at="2019-09-13T13:50:56Z">
          <reporter-output>
          </reporter-output>
        </test-method> <!-- tearDown -->
      </class> <!-- com.automation.webDriverMaven.Login -->
    </test> <!-- Default test -->
  </suite> <!-- Default suite -->
</testng-results>
