<?xml version="1.0" encoding="UTF-8"?>
<testng-results skipped="0" failed="0" total="1" passed="1">
  <reporter-output>
  </reporter-output>
  <suite name="TestSuiteDemo" duration-ms="8333" started-at="2019-09-13T21:48:23Z" finished-at="2019-09-13T21:48:31Z">
    <groups>
    </groups>
    <test name="Test1" duration-ms="8333" started-at="2019-09-13T21:48:23Z" finished-at="2019-09-13T21:48:31Z">
      <class name="com.automation.webDriverMaven.Login">
        <test-method status="PASS" signature="setUp()[pri:0, instance:com.automation.webDriverMaven.Login@256216b3]" name="setUp" is-config="true" duration-ms="7577" started-at="2019-09-13T16:48:15Z" finished-at="2019-09-13T16:48:23Z">
          <reporter-output>
          </reporter-output>
        </test-method> <!-- setUp -->
        <test-method status="PASS" signature="doLogin()[pri:0, instance:com.automation.webDriverMaven.Login@256216b3]" name="doLogin" duration-ms="8326" started-at="2019-09-13T16:48:23Z" finished-at="2019-09-13T16:48:31Z">
          <reporter-output>
          </reporter-output>
        </test-method> <!-- doLogin -->
        <test-method status="PASS" signature="tearDown()[pri:0, instance:com.automation.webDriverMaven.Login@256216b3]" name="tearDown" is-config="true" duration-ms="682" started-at="2019-09-13T16:48:31Z" finished-at="2019-09-13T16:48:32Z">
          <reporter-output>
          </reporter-output>
        </test-method> <!-- tearDown -->
      </class> <!-- com.automation.webDriverMaven.Login -->
    </test> <!-- Test1 -->
  </suite> <!-- TestSuiteDemo -->
</testng-results>
